<?xml version="1.0" encoding="UTF-8"?>
<!-- Generated by org.testng.reporters.JUnitReportReporter -->
<testsuite hostname="DESKTOP-5GC0JRB" failures="0" tests="1" name="com.mycompany.app.maven_app.NewTest1" time="0.020" errors="0" timestamp="2022-08-09T19:07:53 IST" skipped="0">
  <testcase classname="com.mycompany.app.maven_app.NewTest1" name="f" time="0.020"/>
  <system-out/>
</testsuite> <!-- com.mycompany.app.maven_app.NewTest1 -->
